<?xml version="1.0" encoding="UTF-8"?>
<testsuite name="hexlet.code.AppTest" tests="1" skipped="0" failures="0" errors="0" timestamp="2023-11-05T12:57:55" hostname="MacBook-Air-Roma.local" time="2.403">
  <properties/>
  <testcase name="testAddUrl()" classname="hexlet.code.AppTest" time="2.403"/>
  <system-out><![CDATA[]]></system-out>
  <system-err><![CDATA[SLF4J: Class path contains multiple SLF4J providers.
SLF4J: Found provider [org.slf4j.simple.SimpleServiceProvider@2bcec6a6]
SLF4J: Found provider [ch.qos.logback.classic.spi.LogbackServiceProvider@77a281fc]
SLF4J: See https://www.slf4j.org/codes.html#multiple_bindings for an explanation.
SLF4J: Actual provider is of type [org.slf4j.simple.SimpleServiceProvider@2bcec6a6]
[Test worker] INFO com.zaxxer.hikari.HikariDataSource - HikariPool-1 - Starting...
[Test worker] INFO com.zaxxer.hikari.pool.HikariPool - HikariPool-1 - Added connection conn0: url=jdbc:h2:mem:project user=
[Test worker] INFO com.zaxxer.hikari.HikariDataSource - HikariPool-1 - Start completed.
[Test worker] INFO hexlet.code.App - DROP TABLE IF EXISTS urls;

CREATE TABLE urls(
id INT PRIMARY KEY AUTO_INCREMENT,
name VARCHAR(255) NOT NULL,
created_at TIMESTAMP
);
[Test worker] INFO io.javalin.Javalin - JAVALIN HANDLER REGISTRATION DEBUG LOG: BEFORE[*]
[Test worker] INFO io.javalin.Javalin - JAVALIN HANDLER REGISTRATION DEBUG LOG: GET[/]
[Test worker] INFO io.javalin.Javalin - JAVALIN HANDLER REGISTRATION DEBUG LOG: POST[/urls]
[Test worker] INFO io.javalin.Javalin - JAVALIN HANDLER REGISTRATION DEBUG LOG: GET[/urls]
[Test worker] INFO io.javalin.Javalin - JAVALIN HANDLER REGISTRATION DEBUG LOG: GET[/urls/{id}]
[Test worker] INFO io.javalin.Javalin - '.jte' is already registered to class io.javalin.rendering.template.JavalinJte. Overriding.
[Test worker] INFO io.javalin.Javalin - '.kte' is already registered to class io.javalin.rendering.template.JavalinJte. Overriding.
]]></system-err>
</testsuite>
